Determining if the pthread_create exist failed with the following output:
Change Dir: /home/ads/gps_ws/build/CMakeFiles/CMakeTmp

Run Build Command:"/usr/bin/make" "cmTC_8235c/fast"
/usr/bin/make -f CMakeFiles/cmTC_8235c.dir/build.make CMakeFiles/cmTC_8235c.dir/build
make[1]: Entering directory '/home/ads/gps_ws/build/CMakeFiles/CMakeTmp'
Building C object CMakeFiles/cmTC_8235c.dir/CheckSymbolExists.c.o
/usr/bin/cc     -o CMakeFiles/cmTC_8235c.dir/CheckSymbolExists.c.o   -c /home/ads/gps_ws/build/CMakeFiles/CMakeTmp/CheckSymbolExists.c
Linking C executable cmTC_8235c
/usr/bin/cmake -E cmake_link_script CMakeFiles/cmTC_8235c.dir/link.txt --verbose=1
/usr/bin/cc       CMakeFiles/cmTC_8235c.dir/CheckSymbolExists.c.o  -o cmTC_8235c -rdynamic 
CMakeFiles/cmTC_8235c.dir/CheckSymbolExists.c.o: In function `main':
CheckSymbolExists.c:(.text+0x16): undefined reference to `pthread_create'
collect2: error: ld returned 1 exit status
CMakeFiles/cmTC_8235c.dir/build.make:97: recipe for target 'cmTC_8235c' failed
make[1]: *** [cmTC_8235c] Error 1
make[1]: Leaving directory '/home/ads/gps_ws/build/CMakeFiles/CMakeTmp'
Makefile:126: recipe for target 'cmTC_8235c/fast' failed
make: *** [cmTC_8235c/fast] Error 2

File /home/ads/gps_ws/build/CMakeFiles/CMakeTmp/CheckSymbolExists.c:
/* */
#include <pthread.h>

int main(int argc, char** argv)
{
  (void)argv;
#ifndef pthread_create
  return ((int*)(&pthread_create))[argc];
#else
  (void)argc;
  return 0;
#endif
}

Determining if the function pthread_create exists in the pthreads failed with the following output:
Change Dir: /home/ads/gps_ws/build/CMakeFiles/CMakeTmp

Run Build Command:"/usr/bin/make" "cmTC_ecdcd/fast"
/usr/bin/make -f CMakeFiles/cmTC_ecdcd.dir/build.make CMakeFiles/cmTC_ecdcd.dir/build
make[1]: Entering directory '/home/ads/gps_ws/build/CMakeFiles/CMakeTmp'
Building C object CMakeFiles/cmTC_ecdcd.dir/CheckFunctionExists.c.o
/usr/bin/cc    -DCHECK_FUNCTION_EXISTS=pthread_create   -o CMakeFiles/cmTC_ecdcd.dir/CheckFunctionExists.c.o   -c /usr/share/cmake-3.5/Modules/CheckFunctionExists.c
Linking C executable cmTC_ecdcd
/usr/bin/cmake -E cmake_link_script CMakeFiles/cmTC_ecdcd.dir/link.txt --verbose=1
/usr/bin/cc   -DCHECK_FUNCTION_EXISTS=pthread_create    CMakeFiles/cmTC_ecdcd.dir/CheckFunctionExists.c.o  -o cmTC_ecdcd -rdynamic -lpthreads 
/usr/bin/ld: cannot find -lpthreads
collect2: error: ld returned 1 exit status
CMakeFiles/cmTC_ecdcd.dir/build.make:97: recipe for target 'cmTC_ecdcd' failed
make[1]: *** [cmTC_ecdcd] Error 1
make[1]: Leaving directory '/home/ads/gps_ws/build/CMakeFiles/CMakeTmp'
Makefile:126: recipe for target 'cmTC_ecdcd/fast' failed
make: *** [cmTC_ecdcd/fast] Error 2


